Using pre-set license
Built from '2021.3/evg/staging/82bb020e-b03b1330/draft-0' branch; Version is '2021.3.16f1 (4016570cf34f) revision 4200023'; Using compiler version '192829333'; Build Type 'Release'
OS: 'Windows 11  (10.0.22621) 64bit Professional' Language: 'ko' Physical Memory: 16237 MB
BatchMode: 1, IsHumanControllingUs: 0, StartBugReporterOnCrash: 0, Is64bit: 1, IsPro: 1

COMMAND LINE ARGUMENTS:
C:\Program Files\Unity\Hub\Editor\2021.3.16f1\Editor\Unity.exe
-adb2
-batchMode
-noUpm
-name
AssetImportWorker0
-projectPath
C:/Users/TFG255X/GitHub/KingdomDefense/KingdomDefense
-logFile
Logs/AssetImportWorker0.log
-srvPort
50266
Successfully changed project path to: C:/Users/TFG255X/GitHub/KingdomDefense/KingdomDefense
C:/Users/TFG255X/GitHub/KingdomDefense/KingdomDefense
[UnityMemory] Configuration Parameters - Can be set up in boot.config
    "memorysetup-bucket-allocator-granularity=16"
    "memorysetup-bucket-allocator-bucket-count=8"
    "memorysetup-bucket-allocator-block-size=33554432"
    "memorysetup-bucket-allocator-block-count=8"
    "memorysetup-main-allocator-block-size=16777216"
    "memorysetup-thread-allocator-block-size=16777216"
    "memorysetup-gfx-main-allocator-block-size=16777216"
    "memorysetup-gfx-thread-allocator-block-size=16777216"
    "memorysetup-cache-allocator-block-size=4194304"
    "memorysetup-typetree-allocator-block-size=2097152"
    "memorysetup-profiler-bucket-allocator-granularity=16"
    "memorysetup-profiler-bucket-allocator-bucket-count=8"
    "memorysetup-profiler-bucket-allocator-block-size=33554432"
    "memorysetup-profiler-bucket-allocator-block-count=8"
    "memorysetup-profiler-allocator-block-size=16777216"
    "memorysetup-profiler-editor-allocator-block-size=1048576"
    "memorysetup-temp-allocator-size-main=16777216"
    "memorysetup-job-temp-allocator-block-size=2097152"
    "memorysetup-job-temp-allocator-block-size-background=1048576"
    "memorysetup-job-temp-allocator-reduction-small-platforms=262144"
    "memorysetup-temp-allocator-size-background-worker=32768"
    "memorysetup-temp-allocator-size-job-worker=262144"
    "memorysetup-temp-allocator-size-preload-manager=33554432"
    "memorysetup-temp-allocator-size-nav-mesh-worker=65536"
    "memorysetup-temp-allocator-size-audio-worker=65536"
    "memorysetup-temp-allocator-size-cloud-worker=32768"
    "memorysetup-temp-allocator-size-gi-baking-worker=262144"
    "memorysetup-temp-allocator-size-gfx=262144"
Player connection [9808] Host "[IP] 10.21.22.185 [Port] 0 [Flags] 2 [Guid] 1014310979 [EditorId] 1014310979 [Version] 1048832 [Id] WindowsEditor(7,jongeun) [Debug] 1 [PackageName] WindowsEditor [ProjectName] Editor" joined multi-casting on [225.0.0.222:54997]...

Player connection [9808] Host "[IP] 10.21.22.185 [Port] 0 [Flags] 2 [Guid] 1014310979 [EditorId] 1014310979 [Version] 1048832 [Id] WindowsEditor(7,jongeun) [Debug] 1 [PackageName] WindowsEditor [ProjectName] Editor" joined alternative multi-casting on [225.0.0.222:34997]...

Refreshing native plugins compatible for Editor in 101.05 ms, found 4 plugins.
Preloading 0 native plugins for Editor in 0.00 ms.
Initialize engine version: 2021.3.16f1 (4016570cf34f)
[Subsystems] Discovering subsystems at path C:/Program Files/Unity/Hub/Editor/2021.3.16f1/Editor/Data/Resources/UnitySubsystems
[Subsystems] Discovering subsystems at path C:/Users/TFG255X/GitHub/KingdomDefense/KingdomDefense/Assets
GfxDevice: creating device client; threaded=0; jobified=0
Direct3D:
    Version:  Direct3D 11.0 [level 11.1]
    Renderer: NVIDIA GeForce GTX 1650 (ID=0x1f91)
    Vendor:   NVIDIA
    VRAM:     3962 MB
    Driver:   30.0.15.1295
Initialize mono
Mono path[0] = 'C:/Program Files/Unity/Hub/Editor/2021.3.16f1/Editor/Data/Managed'
Mono path[1] = 'C:/Program Files/Unity/Hub/Editor/2021.3.16f1/Editor/Data/MonoBleedingEdge/lib/mono/unityjit-win32'
Mono config path = 'C:/Program Files/Unity/Hub/Editor/2021.3.16f1/Editor/Data/MonoBleedingEdge/etc'
Using monoOptions --debugger-agent=transport=dt_socket,embedding=1,server=y,suspend=n,address=127.0.0.1:56080
Begin MonoManager ReloadAssembly
Registering precompiled unity dll's ...
Register platform support module: C:/Program Files/Unity/Hub/Editor/2021.3.16f1/Editor/Data/PlaybackEngines/WindowsStandaloneSupport/UnityEditor.WindowsStandalone.Extensions.dll
Registered in 0.004730 seconds.
Native extension for WindowsStandalone target not found
Refreshing native plugins compatible for Editor in 98.69 ms, found 4 plugins.
Preloading 0 native plugins for Editor in 0.00 ms.
Mono: successfully reloaded assembly
- Completed reload, in  0.643 seconds
Domain Reload Profiling:
	ReloadAssembly (644ms)
		BeginReloadAssembly (72ms)
			ExecutionOrderSort (0ms)
			DisableScriptedObjects (0ms)
			BackupInstance (0ms)
			ReleaseScriptingObjects (0ms)
			CreateAndSetChildDomain (1ms)
		EndReloadAssembly (463ms)
			LoadAssemblies (70ms)
			RebuildTransferFunctionScriptingTraits (0ms)
			SetupTypeCache (107ms)
			ReleaseScriptCaches (0ms)
			RebuildScriptCaches (31ms)
			SetupLoadedEditorAssemblies (275ms)
				LogAssemblyErrors (0ms)
				InitializePlatformSupportModulesInManaged (7ms)
				SetLoadedEditorAssemblies (0ms)
				RefreshPlugins (99ms)
				BeforeProcessingInitializeOnLoad (1ms)
				ProcessInitializeOnLoadAttributes (122ms)
				ProcessInitializeOnLoadMethodAttributes (46ms)
				AfterProcessingInitializeOnLoad (0ms)
				EditorAssembliesLoaded (0ms)
			ExecutionOrderSort2 (0ms)
			AwakeInstancesAfterBackupRestoration (0ms)
Platform modules already initialized, skipping
Registering precompiled user dll's ...
Registered in 0.007491 seconds.
Begin MonoManager ReloadAssembly
Symbol file data-0000023C47EFCA40 doesn't match image C:\Users\TFG255X\GitHub\KingdomDefense\KingdomDefense\Library\ScriptAssemblies\Assembly-CSharp.dll
Symbol file LoadedFromMemory is not a mono symbol file
Symbol file LoadedFromMemory doesn't match image C:\Users\TFG255X\GitHub\KingdomDefense\KingdomDefense\Library\PackageCache\com.unity.visualscripting@1.7.8\Editor\VisualScripting.Core\Dependencies\YamlDotNet\Unity.VisualScripting.YamlDotNet.dll
Symbol file LoadedFromMemory doesn't match image C:\Users\TFG255X\GitHub\KingdomDefense\KingdomDefense\Library\PackageCache\com.unity.visualscripting@1.7.8\Editor\VisualScripting.Core\Dependencies\DotNetZip\Unity.VisualScripting.IonicZip.dll
Native extension for WindowsStandalone target not found
Refreshing native plugins compatible for Editor in 97.57 ms, found 4 plugins.
Preloading 0 native plugins for Editor in 0.00 ms.
Mono: successfully reloaded assembly
- Completed reload, in  1.252 seconds
Domain Reload Profiling:
	ReloadAssembly (1253ms)
		BeginReloadAssembly (116ms)
			ExecutionOrderSort (0ms)
			DisableScriptedObjects (7ms)
			BackupInstance (0ms)
			ReleaseScriptingObjects (0ms)
			CreateAndSetChildDomain (22ms)
		EndReloadAssembly (1013ms)
			LoadAssemblies (93ms)
			RebuildTransferFunctionScriptingTraits (0ms)
			SetupTypeCache (260ms)
			ReleaseScriptCaches (1ms)
			RebuildScriptCaches (78ms)
			SetupLoadedEditorAssemblies (526ms)
				LogAssemblyErrors (0ms)
				InitializePlatformSupportModulesInManaged (5ms)
				SetLoadedEditorAssemblies (0ms)
				RefreshPlugins (98ms)
				BeforeProcessingInitializeOnLoad (104ms)
				ProcessInitializeOnLoadAttributes (265ms)
				ProcessInitializeOnLoadMethodAttributes (48ms)
				AfterProcessingInitializeOnLoad (6ms)
				EditorAssembliesLoaded (0ms)
			ExecutionOrderSort2 (0ms)
			AwakeInstancesAfterBackupRestoration (7ms)
Platform modules already initialized, skipping
========================================================================
Worker process is ready to serve import requests
Launched and connected shader compiler UnityShaderCompiler.exe after 0.06 seconds
Refreshing native plugins compatible for Editor in 0.88 ms, found 4 plugins.
Preloading 0 native plugins for Editor in 0.00 ms.
Unloading 4085 Unused Serialized files (Serialized files now loaded: 0)
Unloading 38 unused Assets / (61.9 KB). Loaded Objects now: 4545.
Memory consumption went from 154.7 MB to 154.6 MB.
Total: 3.810100 ms (FindLiveObjects: 0.363800 ms CreateObjectMapping: 0.276000 ms MarkObjects: 3.101100 ms  DeleteObjects: 0.068100 ms)

AssetImportParameters requested are different than current active one (requested -> active):
  custom:video-decoder-ogg-theora: a1e56fd34408186e4bbccfd4996cb3dc -> 
  custom:container-muxer-webm: aa71ff27fc2769a1b78a27578f13a17b -> 
  custom:container-demuxer-webm: 4f35f7cbe854078d1ac9338744f61a02 -> 
  custom:video-encoder-webm-vp8: eb34c28f22e8b96e1ab97ce403110664 -> 
  custom:audio-encoder-webm-vorbis: bf7c407c2cedff20999df2af8eb42d56 -> 
  custom:framework-win-MediaFoundation: 216162199b28c13a410421893ffa2e32 -> 
  custom:container-demuxer-ogg: 62fdf1f143b41e24485cea50d1cbac27 -> 
  custom:video-decoder-webm-vp8: 9c59270c3fd7afecdb556c50c9e8de78 -> 
  custom:audio-decoder-ogg-vorbis: bf7c407c2cedff20999df2af8eb42d56 -> 
========================================================================
Received Import Request.
  Time since last request: 1989.651369 seconds.
  path: Assets/Scenes/SampleScene.unity
  artifactKey: Guid(2cda990e2423bbf4892e6590ba056729) Importer(815301076,1909f56bfc062723c751e8b465ee728b)
Start importing Assets/Scenes/SampleScene.unity using Guid(2cda990e2423bbf4892e6590ba056729) Importer(815301076,1909f56bfc062723c751e8b465ee728b)  -> (artifact id: '2239caeb9b7cef482589b91d658cabe8') in 0.011571 seconds 
========================================================================
Received Prepare
Registering precompiled user dll's ...
Registered in 0.007875 seconds.
Begin MonoManager ReloadAssembly
Symbol file data-0000023C481B9020 doesn't match image C:\Users\TFG255X\GitHub\KingdomDefense\KingdomDefense\Library\ScriptAssemblies\Assembly-CSharp.dll
Symbol file LoadedFromMemory is not a mono symbol file
Symbol file LoadedFromMemory doesn't match image C:\Users\TFG255X\GitHub\KingdomDefense\KingdomDefense\Library\PackageCache\com.unity.visualscripting@1.7.8\Editor\VisualScripting.Core\Dependencies\YamlDotNet\Unity.VisualScripting.YamlDotNet.dll
Symbol file LoadedFromMemory doesn't match image C:\Users\TFG255X\GitHub\KingdomDefense\KingdomDefense\Library\PackageCache\com.unity.visualscripting@1.7.8\Editor\VisualScripting.Core\Dependencies\DotNetZip\Unity.VisualScripting.IonicZip.dll
Native extension for WindowsStandalone target not found
Refreshing native plugins compatible for Editor in 1.55 ms, found 4 plugins.
Preloading 0 native plugins for Editor in 0.00 ms.
Mono: successfully reloaded assembly
- Completed reload, in  1.332 seconds
Domain Reload Profiling:
	ReloadAssembly (1332ms)
		BeginReloadAssembly (135ms)
			ExecutionOrderSort (0ms)
			DisableScriptedObjects (8ms)
			BackupInstance (0ms)
			ReleaseScriptingObjects (0ms)
			CreateAndSetChildDomain (40ms)
		EndReloadAssembly (1089ms)
			LoadAssemblies (90ms)
			RebuildTransferFunctionScriptingTraits (0ms)
			SetupTypeCache (335ms)
			ReleaseScriptCaches (2ms)
			RebuildScriptCaches (66ms)
			SetupLoadedEditorAssemblies (500ms)
				LogAssemblyErrors (0ms)
				InitializePlatformSupportModulesInManaged (17ms)
				SetLoadedEditorAssemblies (1ms)
				RefreshPlugins (2ms)
				BeforeProcessingInitializeOnLoad (107ms)
				ProcessInitializeOnLoadAttributes (309ms)
				ProcessInitializeOnLoadMethodAttributes (56ms)
				AfterProcessingInitializeOnLoad (9ms)
				EditorAssembliesLoaded (0ms)
			ExecutionOrderSort2 (0ms)
			AwakeInstancesAfterBackupRestoration (16ms)
Platform modules already initialized, skipping
Refreshing native plugins compatible for Editor in 2.61 ms, found 4 plugins.
Preloading 0 native plugins for Editor in 0.00 ms.
Unloading 4060 Unused Serialized files (Serialized files now loaded: 0)
Unloading 26 unused Assets / (54.3 KB). Loaded Objects now: 4548.
Memory consumption went from 152.6 MB to 152.5 MB.
Total: 5.356000 ms (FindLiveObjects: 0.284000 ms CreateObjectMapping: 0.204100 ms MarkObjects: 4.661200 ms  DeleteObjects: 0.205200 ms)

AssetImportParameters requested are different than current active one (requested -> active):
  custom:video-decoder-ogg-theora: a1e56fd34408186e4bbccfd4996cb3dc -> 
  custom:container-muxer-webm: aa71ff27fc2769a1b78a27578f13a17b -> 
  custom:container-demuxer-webm: 4f35f7cbe854078d1ac9338744f61a02 -> 
  custom:video-encoder-webm-vp8: eb34c28f22e8b96e1ab97ce403110664 -> 
  custom:audio-encoder-webm-vorbis: bf7c407c2cedff20999df2af8eb42d56 -> 
  custom:framework-win-MediaFoundation: 216162199b28c13a410421893ffa2e32 -> 
  custom:container-demuxer-ogg: 62fdf1f143b41e24485cea50d1cbac27 -> 
  custom:video-decoder-webm-vp8: 9c59270c3fd7afecdb556c50c9e8de78 -> 
  custom:audio-decoder-ogg-vorbis: bf7c407c2cedff20999df2af8eb42d56 -> 
========================================================================
Received Import Request.
  Time since last request: 24.491426 seconds.
  path: Assets/Scenes/MainScene.unity
  artifactKey: Guid(c683ad5cc498ede46afbf8ca11e08635) Importer(815301076,1909f56bfc062723c751e8b465ee728b)
Start importing Assets/Scenes/MainScene.unity using Guid(c683ad5cc498ede46afbf8ca11e08635) Importer(815301076,1909f56bfc062723c751e8b465ee728b)  -> (artifact id: '477c2c6e60242055e71e4f74defa3d2d') in 0.013210 seconds 
========================================================================
Received Prepare
Registering precompiled user dll's ...
Registered in 0.008508 seconds.
Begin MonoManager ReloadAssembly
Symbol file data-0000023C4CF6B400 doesn't match image C:\Users\TFG255X\GitHub\KingdomDefense\KingdomDefense\Library\ScriptAssemblies\Assembly-CSharp.dll
Symbol file LoadedFromMemory is not a mono symbol file
Symbol file LoadedFromMemory doesn't match image C:\Users\TFG255X\GitHub\KingdomDefense\KingdomDefense\Library\PackageCache\com.unity.visualscripting@1.7.8\Editor\VisualScripting.Core\Dependencies\YamlDotNet\Unity.VisualScripting.YamlDotNet.dll
Symbol file LoadedFromMemory doesn't match image C:\Users\TFG255X\GitHub\KingdomDefense\KingdomDefense\Library\PackageCache\com.unity.visualscripting@1.7.8\Editor\VisualScripting.Core\Dependencies\DotNetZip\Unity.VisualScripting.IonicZip.dll
Native extension for WindowsStandalone target not found
Refreshing native plugins compatible for Editor in 1.16 ms, found 4 plugins.
Preloading 0 native plugins for Editor in 0.00 ms.
Mono: successfully reloaded assembly
- Completed reload, in  1.409 seconds
Domain Reload Profiling:
	ReloadAssembly (1410ms)
		BeginReloadAssembly (143ms)
			ExecutionOrderSort (0ms)
			DisableScriptedObjects (8ms)
			BackupInstance (0ms)
			ReleaseScriptingObjects (0ms)
			CreateAndSetChildDomain (47ms)
		EndReloadAssembly (1154ms)
			LoadAssemblies (105ms)
			RebuildTransferFunctionScriptingTraits (0ms)
			SetupTypeCache (368ms)
			ReleaseScriptCaches (2ms)
			RebuildScriptCaches (75ms)
			SetupLoadedEditorAssemblies (509ms)
				LogAssemblyErrors (0ms)
				InitializePlatformSupportModulesInManaged (19ms)
				SetLoadedEditorAssemblies (1ms)
				RefreshPlugins (1ms)
				BeforeProcessingInitializeOnLoad (108ms)
				ProcessInitializeOnLoadAttributes (310ms)
				ProcessInitializeOnLoadMethodAttributes (60ms)
				AfterProcessingInitializeOnLoad (10ms)
				EditorAssembliesLoaded (0ms)
			ExecutionOrderSort2 (0ms)
			AwakeInstancesAfterBackupRestoration (15ms)
Platform modules already initialized, skipping
Refreshing native plugins compatible for Editor in 3.22 ms, found 4 plugins.
Preloading 0 native plugins for Editor in 0.00 ms.
Unloading 4060 Unused Serialized files (Serialized files now loaded: 0)
Unloading 26 unused Assets / (54.3 KB). Loaded Objects now: 4551.
Memory consumption went from 152.6 MB to 152.5 MB.
Total: 5.237400 ms (FindLiveObjects: 0.500500 ms CreateObjectMapping: 0.272700 ms MarkObjects: 4.365300 ms  DeleteObjects: 0.097500 ms)

AssetImportParameters requested are different than current active one (requested -> active):
  custom:video-decoder-ogg-theora: a1e56fd34408186e4bbccfd4996cb3dc -> 
  custom:container-muxer-webm: aa71ff27fc2769a1b78a27578f13a17b -> 
  custom:container-demuxer-webm: 4f35f7cbe854078d1ac9338744f61a02 -> 
  custom:video-encoder-webm-vp8: eb34c28f22e8b96e1ab97ce403110664 -> 
  custom:audio-encoder-webm-vorbis: bf7c407c2cedff20999df2af8eb42d56 -> 
  custom:framework-win-MediaFoundation: 216162199b28c13a410421893ffa2e32 -> 
  custom:container-demuxer-ogg: 62fdf1f143b41e24485cea50d1cbac27 -> 
  custom:video-decoder-webm-vp8: 9c59270c3fd7afecdb556c50c9e8de78 -> 
  custom:audio-decoder-ogg-vorbis: bf7c407c2cedff20999df2af8eb42d56 -> 
========================================================================
Received Import Request.
  Time since last request: 32.027588 seconds.
  path: Assets/Prefebs/Units/KingdomDefense/FireAchor.prefab
  artifactKey: Guid(06606c5419199144084b7fc51c239e28) Importer(815301076,1909f56bfc062723c751e8b465ee728b)
Start importing Assets/Prefebs/Units/KingdomDefense/FireAchor.prefab using Guid(06606c5419199144084b7fc51c239e28) Importer(815301076,1909f56bfc062723c751e8b465ee728b)  -> (artifact id: 'e37b666538ae593affb28f42844b75ef') in 0.161052 seconds 
========================================================================
Received Import Request.
  Time since last request: 0.150421 seconds.
  path: Assets/Prefebs/Units/MonsterOffense/MonsterWarrior_Fire.prefab
  artifactKey: Guid(017e5dea13c15464b90495b56d6b025b) Importer(815301076,1909f56bfc062723c751e8b465ee728b)
Start importing Assets/Prefebs/Units/MonsterOffense/MonsterWarrior_Fire.prefab using Guid(017e5dea13c15464b90495b56d6b025b) Importer(815301076,1909f56bfc062723c751e8b465ee728b)  -> (artifact id: 'bbfdec1f1b883d7348b2ca8c850e01dd') in 0.041799 seconds 
========================================================================
Received Import Request.
  Time since last request: 1.126126 seconds.
  path: Assets/Scenes/SampleScene.unity
  artifactKey: Guid(2cda990e2423bbf4892e6590ba056729) Importer(815301076,1909f56bfc062723c751e8b465ee728b)
Start importing Assets/Scenes/SampleScene.unity using Guid(2cda990e2423bbf4892e6590ba056729) Importer(815301076,1909f56bfc062723c751e8b465ee728b)  -> (artifact id: 'aa7c08251d4c77bbf6e38690566a2fd2') in 0.002348 seconds 
========================================================================
Received Import Request.
  Time since last request: 25.326801 seconds.
  path: Assets/Scripts/MatchManager.cs
  artifactKey: Guid(1762fcbb3230f7246b8e630cfac74345) Importer(815301076,1909f56bfc062723c751e8b465ee728b)
Start importing Assets/Scripts/MatchManager.cs using Guid(1762fcbb3230f7246b8e630cfac74345) Importer(815301076,1909f56bfc062723c751e8b465ee728b)  -> (artifact id: '041031bec254591c8ac34ab21c55d7ec') in 0.012462 seconds 
========================================================================
Received Import Request.
  Time since last request: 64.723507 seconds.
  path: Assets/Scripts/Unit/Totem
  artifactKey: Guid(b0d3d4cf25fcd134ea5dd3f1fc8a7c90) Importer(815301076,1909f56bfc062723c751e8b465ee728b)
Start importing Assets/Scripts/Unit/Totem using Guid(b0d3d4cf25fcd134ea5dd3f1fc8a7c90) Importer(815301076,1909f56bfc062723c751e8b465ee728b)  -> (artifact id: '4e8d188981fd699920f91440c6a9329d') in 0.008041 seconds 
========================================================================
Received Import Request.
  Time since last request: 2.033252 seconds.
  path: Assets/Prefebs/Units/KingdomDefense/UnitImage/FireWarriorImage.prefab
  artifactKey: Guid(ea67f0d3ec1ffda46849ea7efb73c727) Importer(815301076,1909f56bfc062723c751e8b465ee728b)
Start importing Assets/Prefebs/Units/KingdomDefense/UnitImage/FireWarriorImage.prefab using Guid(ea67f0d3ec1ffda46849ea7efb73c727) Importer(815301076,1909f56bfc062723c751e8b465ee728b)  -> (artifact id: '02effd2cb06ec7731475149f85c58993') in 0.019084 seconds 
========================================================================
Received Import Request.
  Time since last request: 0.341474 seconds.
  path: Assets/Prefebs/Units/KingdomDefense/UnitImage
  artifactKey: Guid(04e34c38c20ee8a4483b3c77f05a3649) Importer(815301076,1909f56bfc062723c751e8b465ee728b)
Start importing Assets/Prefebs/Units/KingdomDefense/UnitImage using Guid(04e34c38c20ee8a4483b3c77f05a3649) Importer(815301076,1909f56bfc062723c751e8b465ee728b)  -> (artifact id: '4752ffac27ed69dd9aba14e5140fc6fc') in 0.007109 seconds 
========================================================================
Received Prepare
Registering precompiled user dll's ...
Registered in 0.010345 seconds.
Begin MonoManager ReloadAssembly
Symbol file data-0000023C4CB04F70 doesn't match image C:\Users\TFG255X\GitHub\KingdomDefense\KingdomDefense\Library\ScriptAssemblies\Assembly-CSharp.dll
Symbol file LoadedFromMemory is not a mono symbol file
Symbol file LoadedFromMemory doesn't match image C:\Users\TFG255X\GitHub\KingdomDefense\KingdomDefense\Library\PackageCache\com.unity.visualscripting@1.7.8\Editor\VisualScripting.Core\Dependencies\YamlDotNet\Unity.VisualScripting.YamlDotNet.dll
Symbol file LoadedFromMemory doesn't match image C:\Users\TFG255X\GitHub\KingdomDefense\KingdomDefense\Library\PackageCache\com.unity.visualscripting@1.7.8\Editor\VisualScripting.Core\Dependencies\DotNetZip\Unity.VisualScripting.IonicZip.dll
Native extension for WindowsStandalone target not found
Refreshing native plugins compatible for Editor in 1.04 ms, found 4 plugins.
Preloading 0 native plugins for Editor in 0.00 ms.
Mono: successfully reloaded assembly
- Completed reload, in  1.351 seconds
Domain Reload Profiling:
	ReloadAssembly (1352ms)
		BeginReloadAssembly (136ms)
			ExecutionOrderSort (0ms)
			DisableScriptedObjects (8ms)
			BackupInstance (0ms)
			ReleaseScriptingObjects (0ms)
			CreateAndSetChildDomain (40ms)
		EndReloadAssembly (1112ms)
			LoadAssemblies (94ms)
			RebuildTransferFunctionScriptingTraits (0ms)
			SetupTypeCache (349ms)
			ReleaseScriptCaches (2ms)
			RebuildScriptCaches (77ms)
			SetupLoadedEditorAssemblies (499ms)
				LogAssemblyErrors (0ms)
				InitializePlatformSupportModulesInManaged (18ms)
				SetLoadedEditorAssemblies (1ms)
				RefreshPlugins (1ms)
				BeforeProcessingInitializeOnLoad (102ms)
				ProcessInitializeOnLoadAttributes (314ms)
				ProcessInitializeOnLoadMethodAttributes (55ms)
				AfterProcessingInitializeOnLoad (9ms)
				EditorAssembliesLoaded (0ms)
			ExecutionOrderSort2 (0ms)
			AwakeInstancesAfterBackupRestoration (15ms)
Platform modules already initialized, skipping
Refreshing native plugins compatible for Editor in 3.76 ms, found 4 plugins.
Preloading 0 native plugins for Editor in 0.00 ms.
Unloading 4060 Unused Serialized files (Serialized files now loaded: 0)
Unloading 26 unused Assets / (54.3 KB). Loaded Objects now: 4562.
Memory consumption went from 157.1 MB to 157.0 MB.
Total: 5.341200 ms (FindLiveObjects: 0.359800 ms CreateObjectMapping: 0.228100 ms MarkObjects: 4.594700 ms  DeleteObjects: 0.157100 ms)

AssetImportParameters requested are different than current active one (requested -> active):
  custom:video-decoder-ogg-theora: a1e56fd34408186e4bbccfd4996cb3dc -> 
  custom:container-muxer-webm: aa71ff27fc2769a1b78a27578f13a17b -> 
  custom:container-demuxer-webm: 4f35f7cbe854078d1ac9338744f61a02 -> 
  custom:video-encoder-webm-vp8: eb34c28f22e8b96e1ab97ce403110664 -> 
  custom:audio-encoder-webm-vorbis: bf7c407c2cedff20999df2af8eb42d56 -> 
  custom:framework-win-MediaFoundation: 216162199b28c13a410421893ffa2e32 -> 
  custom:container-demuxer-ogg: 62fdf1f143b41e24485cea50d1cbac27 -> 
  custom:video-decoder-webm-vp8: 9c59270c3fd7afecdb556c50c9e8de78 -> 
  custom:audio-decoder-ogg-vorbis: bf7c407c2cedff20999df2af8eb42d56 -> 
========================================================================
Received Import Request.
  Time since last request: 145.927347 seconds.
  path: Assets/Prefebs/Units/KingdomDefense/FireWarrior.prefab
  artifactKey: Guid(d7f999cb666ac334caac25297208aa86) Importer(815301076,1909f56bfc062723c751e8b465ee728b)
Start importing Assets/Prefebs/Units/KingdomDefense/FireWarrior.prefab using Guid(d7f999cb666ac334caac25297208aa86) Importer(815301076,1909f56bfc062723c751e8b465ee728b)  -> (artifact id: 'e66ece601e96d95b3df34da9a06bf0be') in 0.105261 seconds 
========================================================================
Received Prepare
Registering precompiled user dll's ...
Registered in 0.007822 seconds.
Begin MonoManager ReloadAssembly
Symbol file data-0000023C47E2A0B0 doesn't match image C:\Users\TFG255X\GitHub\KingdomDefense\KingdomDefense\Library\ScriptAssemblies\Assembly-CSharp.dll
Symbol file LoadedFromMemory is not a mono symbol file
Symbol file LoadedFromMemory doesn't match image C:\Users\TFG255X\GitHub\KingdomDefense\KingdomDefense\Library\PackageCache\com.unity.visualscripting@1.7.8\Editor\VisualScripting.Core\Dependencies\YamlDotNet\Unity.VisualScripting.YamlDotNet.dll
Symbol file LoadedFromMemory doesn't match image C:\Users\TFG255X\GitHub\KingdomDefense\KingdomDefense\Library\PackageCache\com.unity.visualscripting@1.7.8\Editor\VisualScripting.Core\Dependencies\DotNetZip\Unity.VisualScripting.IonicZip.dll
Native extension for WindowsStandalone target not found
Refreshing native plugins compatible for Editor in 1.16 ms, found 4 plugins.
Preloading 0 native plugins for Editor in 0.00 ms.
Mono: successfully reloaded assembly
- Completed reload, in  1.310 seconds
Domain Reload Profiling:
	ReloadAssembly (1311ms)
		BeginReloadAssembly (134ms)
			ExecutionOrderSort (0ms)
			DisableScriptedObjects (7ms)
			BackupInstance (0ms)
			ReleaseScriptingObjects (0ms)
			CreateAndSetChildDomain (42ms)
		EndReloadAssembly (1070ms)
			LoadAssemblies (87ms)
			RebuildTransferFunctionScriptingTraits (0ms)
			SetupTypeCache (339ms)
			ReleaseScriptCaches (2ms)
			RebuildScriptCaches (61ms)
			SetupLoadedEditorAssemblies (489ms)
				LogAssemblyErrors (0ms)
				InitializePlatformSupportModulesInManaged (16ms)
				SetLoadedEditorAssemblies (1ms)
				RefreshPlugins (1ms)
				BeforeProcessingInitializeOnLoad (108ms)
				ProcessInitializeOnLoadAttributes (298ms)
				ProcessInitializeOnLoadMethodAttributes (56ms)
				AfterProcessingInitializeOnLoad (8ms)
				EditorAssembliesLoaded (0ms)
			ExecutionOrderSort2 (0ms)
			AwakeInstancesAfterBackupRestoration (15ms)
Platform modules already initialized, skipping
Refreshing native plugins compatible for Editor in 2.67 ms, found 4 plugins.
Preloading 0 native plugins for Editor in 0.00 ms.
Unloading 4060 Unused Serialized files (Serialized files now loaded: 0)
Unloading 26 unused Assets / (54.4 KB). Loaded Objects now: 4565.
Memory consumption went from 157.1 MB to 157.1 MB.
Total: 3.976100 ms (FindLiveObjects: 0.283000 ms CreateObjectMapping: 0.204400 ms MarkObjects: 3.353900 ms  DeleteObjects: 0.133000 ms)

AssetImportParameters requested are different than current active one (requested -> active):
  custom:video-decoder-ogg-theora: a1e56fd34408186e4bbccfd4996cb3dc -> 
  custom:container-muxer-webm: aa71ff27fc2769a1b78a27578f13a17b -> 
  custom:container-demuxer-webm: 4f35f7cbe854078d1ac9338744f61a02 -> 
  custom:video-encoder-webm-vp8: eb34c28f22e8b96e1ab97ce403110664 -> 
  custom:audio-encoder-webm-vorbis: bf7c407c2cedff20999df2af8eb42d56 -> 
  custom:framework-win-MediaFoundation: 216162199b28c13a410421893ffa2e32 -> 
  custom:container-demuxer-ogg: 62fdf1f143b41e24485cea50d1cbac27 -> 
  custom:video-decoder-webm-vp8: 9c59270c3fd7afecdb556c50c9e8de78 -> 
  custom:audio-decoder-ogg-vorbis: bf7c407c2cedff20999df2af8eb42d56 -> 
========================================================================
Received Import Request.
  Time since last request: 231.182280 seconds.
  path: Assets/Prefebs/Castle/MonsterCastle.prefab
  artifactKey: Guid(436728b9ab1fe8e43861336ae61841a6) Importer(815301076,1909f56bfc062723c751e8b465ee728b)
Start importing Assets/Prefebs/Castle/MonsterCastle.prefab using Guid(436728b9ab1fe8e43861336ae61841a6) Importer(815301076,1909f56bfc062723c751e8b465ee728b)  -> (artifact id: 'a180743ea1890b2af1111c37b0c4541c') in 0.077191 seconds 
========================================================================
Received Import Request.
  Time since last request: 5.460253 seconds.
  path: Assets/Prefebs/Castle/KingdomCastle.prefab
  artifactKey: Guid(5e764273a2da2ae49bba568296441f6a) Importer(815301076,1909f56bfc062723c751e8b465ee728b)
Start importing Assets/Prefebs/Castle/KingdomCastle.prefab using Guid(5e764273a2da2ae49bba568296441f6a) Importer(815301076,1909f56bfc062723c751e8b465ee728b)  -> (artifact id: '95c3a4179fa2a05b7562390d1eabb716') in 0.019533 seconds 
========================================================================
Received Import Request.
  Time since last request: 1.939807 seconds.
  path: Assets/Prefebs/Castle/MonsterCastle.prefab
  artifactKey: Guid(436728b9ab1fe8e43861336ae61841a6) Importer(815301076,1909f56bfc062723c751e8b465ee728b)
Start importing Assets/Prefebs/Castle/MonsterCastle.prefab using Guid(436728b9ab1fe8e43861336ae61841a6) Importer(815301076,1909f56bfc062723c751e8b465ee728b)  -> (artifact id: 'e8bf2edbdc5bb9cc103eb236ec24e279') in 0.024809 seconds 
========================================================================
Received Import Request.
  Time since last request: 9.208019 seconds.
  path: Assets/Prefebs/Castle/KingdomCastle.prefab
  artifactKey: Guid(5e764273a2da2ae49bba568296441f6a) Importer(815301076,1909f56bfc062723c751e8b465ee728b)
Start importing Assets/Prefebs/Castle/KingdomCastle.prefab using Guid(5e764273a2da2ae49bba568296441f6a) Importer(815301076,1909f56bfc062723c751e8b465ee728b)  -> (artifact id: 'ef320298f211a055e576aee4337025d4') in 0.016545 seconds 
========================================================================
Received Import Request.
  Time since last request: 6.083772 seconds.
  path: Assets/Prefebs/Units/KingdomDefense/IceTotem.prefab
  artifactKey: Guid(0509de7584f3faf43a32c84376fcf185) Importer(815301076,1909f56bfc062723c751e8b465ee728b)
Start importing Assets/Prefebs/Units/KingdomDefense/IceTotem.prefab using Guid(0509de7584f3faf43a32c84376fcf185) Importer(815301076,1909f56bfc062723c751e8b465ee728b)  -> (artifact id: '679f9e55cf751e366b9a7ac89404d497') in 0.015074 seconds 
========================================================================
Received Import Request.
  Time since last request: 14.443514 seconds.
  path: Assets/Prefebs/Castle/KingdomCastle.prefab
  artifactKey: Guid(5e764273a2da2ae49bba568296441f6a) Importer(815301076,1909f56bfc062723c751e8b465ee728b)
Start importing Assets/Prefebs/Castle/KingdomCastle.prefab using Guid(5e764273a2da2ae49bba568296441f6a) Importer(815301076,1909f56bfc062723c751e8b465ee728b)  -> (artifact id: '25219adbcb255071ddfe17c0ebde6ba1') in 0.018241 seconds 
========================================================================
Received Import Request.
  Time since last request: 7.085775 seconds.
  path: Assets/Prefebs/Castle/KingdomCastle.prefab
  artifactKey: Guid(5e764273a2da2ae49bba568296441f6a) Importer(815301076,1909f56bfc062723c751e8b465ee728b)
Start importing Assets/Prefebs/Castle/KingdomCastle.prefab using Guid(5e764273a2da2ae49bba568296441f6a) Importer(815301076,1909f56bfc062723c751e8b465ee728b)  -> (artifact id: '09496d026db95d682b2adeb23784f99e') in 0.016015 seconds 
========================================================================
Received Import Request.
  Time since last request: 5.454059 seconds.
  path: Assets/Prefebs/Castle/KingdomCastle.prefab
  artifactKey: Guid(5e764273a2da2ae49bba568296441f6a) Importer(815301076,1909f56bfc062723c751e8b465ee728b)
Start importing Assets/Prefebs/Castle/KingdomCastle.prefab using Guid(5e764273a2da2ae49bba568296441f6a) Importer(815301076,1909f56bfc062723c751e8b465ee728b)  -> (artifact id: 'f19e71fe6ae6c63248bb5a37cb03a5dc') in 0.020175 seconds 
========================================================================
Received Import Request.
  Time since last request: 2.826876 seconds.
  path: Assets/Prefebs/Castle/KingdomCastle.prefab
  artifactKey: Guid(5e764273a2da2ae49bba568296441f6a) Importer(815301076,1909f56bfc062723c751e8b465ee728b)
Start importing Assets/Prefebs/Castle/KingdomCastle.prefab using Guid(5e764273a2da2ae49bba568296441f6a) Importer(815301076,1909f56bfc062723c751e8b465ee728b)  -> (artifact id: 'dee36b78dcdc3d25312db36596ab9964') in 0.016623 seconds 
========================================================================
Received Import Request.
  Time since last request: 15.452791 seconds.
  path: Assets/Prefebs/Castle/KingdomCastle.prefab
  artifactKey: Guid(5e764273a2da2ae49bba568296441f6a) Importer(815301076,1909f56bfc062723c751e8b465ee728b)
Start importing Assets/Prefebs/Castle/KingdomCastle.prefab using Guid(5e764273a2da2ae49bba568296441f6a) Importer(815301076,1909f56bfc062723c751e8b465ee728b)  -> (artifact id: '13a076291b50dba18829e877eed1aad8') in 0.019756 seconds 
========================================================================
Received Import Request.
  Time since last request: 4.567203 seconds.
  path: Assets/Prefebs/Castle/KingdomCastle.prefab
  artifactKey: Guid(5e764273a2da2ae49bba568296441f6a) Importer(815301076,1909f56bfc062723c751e8b465ee728b)
Start importing Assets/Prefebs/Castle/KingdomCastle.prefab using Guid(5e764273a2da2ae49bba568296441f6a) Importer(815301076,1909f56bfc062723c751e8b465ee728b)  -> (artifact id: '7f13daccef99702ff67366f58e4185b1') in 0.013113 seconds 
========================================================================
Received Import Request.
  Time since last request: 5.913767 seconds.
  path: Assets/Prefebs/Units/KingdomDefense/UnitImage/IceTotemImage.prefab
  artifactKey: Guid(01f17d1f33b60af459bf278fa7fab43d) Importer(815301076,1909f56bfc062723c751e8b465ee728b)
Start importing Assets/Prefebs/Units/KingdomDefense/UnitImage/IceTotemImage.prefab using Guid(01f17d1f33b60af459bf278fa7fab43d) Importer(815301076,1909f56bfc062723c751e8b465ee728b)  -> (artifact id: 'c0d09ce8d8298e78579d955827e1ea2e') in 0.014180 seconds 
========================================================================
Received Import Request.
  Time since last request: 2.159755 seconds.
  path: Assets/Prefebs/Units/MonsterOffense/MonsterWarrior_Ice.prefab
  artifactKey: Guid(b88f51b17baf3c44fade16db717cd81b) Importer(815301076,1909f56bfc062723c751e8b465ee728b)
Start importing Assets/Prefebs/Units/MonsterOffense/MonsterWarrior_Ice.prefab using Guid(b88f51b17baf3c44fade16db717cd81b) Importer(815301076,1909f56bfc062723c751e8b465ee728b)  -> (artifact id: 'ae72351174f72cec306309cd97a1e468') in 0.048684 seconds 
========================================================================
Received Import Request.
  Time since last request: 0.410134 seconds.
  path: Assets/Prefebs/Units/MonsterOffense/MonsterWarror_2.prefab
  artifactKey: Guid(1ebe5947703e7f24987c2dbbd56c0159) Importer(815301076,1909f56bfc062723c751e8b465ee728b)
Start importing Assets/Prefebs/Units/MonsterOffense/MonsterWarror_2.prefab using Guid(1ebe5947703e7f24987c2dbbd56c0159) Importer(815301076,1909f56bfc062723c751e8b465ee728b)  -> (artifact id: '40d3771c1ae8a7ee7a48bf7d3c4318d9') in 0.039537 seconds 
========================================================================
Received Import Request.
  Time since last request: 0.813744 seconds.
  path: Assets/Prefebs/Units/MonsterOffense/MonsterAchor_2.prefab
  artifactKey: Guid(dff72306779dfef4085384503f0c107b) Importer(815301076,1909f56bfc062723c751e8b465ee728b)
Start importing Assets/Prefebs/Units/MonsterOffense/MonsterAchor_2.prefab using Guid(dff72306779dfef4085384503f0c107b) Importer(815301076,1909f56bfc062723c751e8b465ee728b)  -> (artifact id: '928e12ca68d53a660445e587b7dd0dc6') in 0.038541 seconds 
========================================================================
Received Import Request.
  Time since last request: 0.263385 seconds.
  path: Assets/Prefebs/Units/KingdomDefense/IceWarrior.prefab
  artifactKey: Guid(eddedb85215c1a146a394758463704bf) Importer(815301076,1909f56bfc062723c751e8b465ee728b)
Start importing Assets/Prefebs/Units/KingdomDefense/IceWarrior.prefab using Guid(eddedb85215c1a146a394758463704bf) Importer(815301076,1909f56bfc062723c751e8b465ee728b)  -> (artifact id: 'fe22b8e0b260404185da758959adab5a') in 0.039621 seconds 
========================================================================
Received Import Request.
  Time since last request: 0.253419 seconds.
  path: Assets/Prefebs/Units/KingdomDefense/IceAchor.prefab
  artifactKey: Guid(2c67ab18090f3fa42895c3e789e4361a) Importer(815301076,1909f56bfc062723c751e8b465ee728b)
Start importing Assets/Prefebs/Units/KingdomDefense/IceAchor.prefab using Guid(2c67ab18090f3fa42895c3e789e4361a) Importer(815301076,1909f56bfc062723c751e8b465ee728b)  -> (artifact id: 'eead327400e727a7a6fb74e5eea835c1') in 0.050065 seconds 
========================================================================
Received Import Request.
  Time since last request: 0.950172 seconds.
  path: Assets/Prefebs/Units/KingdomDefense/FireAchor_Dark.prefab
  artifactKey: Guid(a7f45423c71dd574c883e83559c892d8) Importer(815301076,1909f56bfc062723c751e8b465ee728b)
Start importing Assets/Prefebs/Units/KingdomDefense/FireAchor_Dark.prefab using Guid(a7f45423c71dd574c883e83559c892d8) Importer(815301076,1909f56bfc062723c751e8b465ee728b)  -> (artifact id: '92c1ed7d3f06291eaec67cd8861f96fe') in 0.051887 seconds 
========================================================================
Received Import Request.
  Time since last request: 3.325937 seconds.
  path: Assets/Scripts/Unit/Totem/Totem.cs
  artifactKey: Guid(7ab9844b247118144a5ff9d6454fdbc7) Importer(815301076,1909f56bfc062723c751e8b465ee728b)
Start importing Assets/Scripts/Unit/Totem/Totem.cs using Guid(7ab9844b247118144a5ff9d6454fdbc7) Importer(815301076,1909f56bfc062723c751e8b465ee728b)  -> (artifact id: '97d84f074152e5bbf8117afad65da536') in 0.001887 seconds 
========================================================================
Received Import Request.
  Time since last request: 62.629227 seconds.
  path: Assets/Prefebs/Castle/KingdomCastle.prefab
  artifactKey: Guid(5e764273a2da2ae49bba568296441f6a) Importer(815301076,1909f56bfc062723c751e8b465ee728b)
Start importing Assets/Prefebs/Castle/KingdomCastle.prefab using Guid(5e764273a2da2ae49bba568296441f6a) Importer(815301076,1909f56bfc062723c751e8b465ee728b)  -> (artifact id: '8abaa019e5c757e751b6266d9c55fddf') in 0.018958 seconds 
========================================================================
Received Import Request.
  Time since last request: 20.690574 seconds.
  path: Assets/Prefebs/Castle/MonsterCastle.prefab
  artifactKey: Guid(436728b9ab1fe8e43861336ae61841a6) Importer(815301076,1909f56bfc062723c751e8b465ee728b)
Start importing Assets/Prefebs/Castle/MonsterCastle.prefab using Guid(436728b9ab1fe8e43861336ae61841a6) Importer(815301076,1909f56bfc062723c751e8b465ee728b)  -> (artifact id: 'b4a40ce6fffe107befdd13871e747433') in 0.015627 seconds 
========================================================================
Received Import Request.
  Time since last request: 3.077804 seconds.
  path: Assets/Prefebs/Castle/MonsterCastle.prefab
  artifactKey: Guid(436728b9ab1fe8e43861336ae61841a6) Importer(815301076,1909f56bfc062723c751e8b465ee728b)
Start importing Assets/Prefebs/Castle/MonsterCastle.prefab using Guid(436728b9ab1fe8e43861336ae61841a6) Importer(815301076,1909f56bfc062723c751e8b465ee728b)  -> (artifact id: '923c73fb4cdb26289f5052965cc1c769') in 0.016901 seconds 
========================================================================
Received Import Request.
  Time since last request: 0.995023 seconds.
  path: Assets/Prefebs/Castle/MonsterCastle.prefab
  artifactKey: Guid(436728b9ab1fe8e43861336ae61841a6) Importer(815301076,1909f56bfc062723c751e8b465ee728b)
Start importing Assets/Prefebs/Castle/MonsterCastle.prefab using Guid(436728b9ab1fe8e43861336ae61841a6) Importer(815301076,1909f56bfc062723c751e8b465ee728b)  -> (artifact id: '51141c7db109c9989f1caa3eb0e61d57') in 0.016283 seconds 
========================================================================
Received Import Request.
  Time since last request: 1.407387 seconds.
  path: Assets/Prefebs/Castle/MonsterCastle.prefab
  artifactKey: Guid(436728b9ab1fe8e43861336ae61841a6) Importer(815301076,1909f56bfc062723c751e8b465ee728b)
Start importing Assets/Prefebs/Castle/MonsterCastle.prefab using Guid(436728b9ab1fe8e43861336ae61841a6) Importer(815301076,1909f56bfc062723c751e8b465ee728b)  -> (artifact id: 'f1f64b3951f7c7aa9093d9ced7af0088') in 0.024092 seconds 
========================================================================
Received Import Request.
  Time since last request: 0.824257 seconds.
  path: Assets/Prefebs/Castle/MonsterCastle.prefab
  artifactKey: Guid(436728b9ab1fe8e43861336ae61841a6) Importer(815301076,1909f56bfc062723c751e8b465ee728b)
Start importing Assets/Prefebs/Castle/MonsterCastle.prefab using Guid(436728b9ab1fe8e43861336ae61841a6) Importer(815301076,1909f56bfc062723c751e8b465ee728b)  -> (artifact id: '1d07f185838f61971a500a0a25c427b3') in 0.016438 seconds 
========================================================================
Received Import Request.
  Time since last request: 2.013113 seconds.
  path: Assets/Prefebs/Castle/MonsterCastle.prefab
  artifactKey: Guid(436728b9ab1fe8e43861336ae61841a6) Importer(815301076,1909f56bfc062723c751e8b465ee728b)
Start importing Assets/Prefebs/Castle/MonsterCastle.prefab using Guid(436728b9ab1fe8e43861336ae61841a6) Importer(815301076,1909f56bfc062723c751e8b465ee728b)  -> (artifact id: '605470a7558b0caacdc8e99b720fd8f8') in 0.016426 seconds 
========================================================================
Received Import Request.
  Time since last request: 2.547787 seconds.
  path: Assets/Prefebs/Castle/MonsterCastle.prefab
  artifactKey: Guid(436728b9ab1fe8e43861336ae61841a6) Importer(815301076,1909f56bfc062723c751e8b465ee728b)
Start importing Assets/Prefebs/Castle/MonsterCastle.prefab using Guid(436728b9ab1fe8e43861336ae61841a6) Importer(815301076,1909f56bfc062723c751e8b465ee728b)  -> (artifact id: '21e23497b3d8b27ade025c9c67651657') in 0.019114 seconds 
========================================================================
Received Import Request.
  Time since last request: 4.992076 seconds.
  path: Assets/Prefebs/Castle/MonsterCastle.prefab
  artifactKey: Guid(436728b9ab1fe8e43861336ae61841a6) Importer(815301076,1909f56bfc062723c751e8b465ee728b)
Start importing Assets/Prefebs/Castle/MonsterCastle.prefab using Guid(436728b9ab1fe8e43861336ae61841a6) Importer(815301076,1909f56bfc062723c751e8b465ee728b)  -> (artifact id: '664ee321ecf712412bfc73daa63f45f1') in 0.013637 seconds 
========================================================================
Received Import Request.
  Time since last request: 15.124908 seconds.
  path: Assets/Prefebs/Castle/KingdomCastle.prefab
  artifactKey: Guid(5e764273a2da2ae49bba568296441f6a) Importer(815301076,1909f56bfc062723c751e8b465ee728b)
Start importing Assets/Prefebs/Castle/KingdomCastle.prefab using Guid(5e764273a2da2ae49bba568296441f6a) Importer(815301076,1909f56bfc062723c751e8b465ee728b)  -> (artifact id: 'fb64c1ef279aa8941b7d0a04e1d3948d') in 0.023350 seconds 
========================================================================
Received Prepare
Registering precompiled user dll's ...
Registered in 0.008944 seconds.
Begin MonoManager ReloadAssembly
Symbol file data-0000023C47E2A0B0 doesn't match image C:\Users\TFG255X\GitHub\KingdomDefense\KingdomDefense\Library\ScriptAssemblies\Assembly-CSharp.dll
Symbol file LoadedFromMemory is not a mono symbol file
Symbol file LoadedFromMemory doesn't match image C:\Users\TFG255X\GitHub\KingdomDefense\KingdomDefense\Library\PackageCache\com.unity.visualscripting@1.7.8\Editor\VisualScripting.Core\Dependencies\YamlDotNet\Unity.VisualScripting.YamlDotNet.dll
Symbol file LoadedFromMemory doesn't match image C:\Users\TFG255X\GitHub\KingdomDefense\KingdomDefense\Library\PackageCache\com.unity.visualscripting@1.7.8\Editor\VisualScripting.Core\Dependencies\DotNetZip\Unity.VisualScripting.IonicZip.dll
Native extension for WindowsStandalone target not found
Refreshing native plugins compatible for Editor in 1.56 ms, found 4 plugins.
Preloading 0 native plugins for Editor in 0.00 ms.
Mono: successfully reloaded assembly
- Completed reload, in  1.426 seconds
Domain Reload Profiling:
	ReloadAssembly (1427ms)
		BeginReloadAssembly (141ms)
			ExecutionOrderSort (0ms)
			DisableScriptedObjects (7ms)
			BackupInstance (0ms)
			ReleaseScriptingObjects (0ms)
			CreateAndSetChildDomain (46ms)
		EndReloadAssembly (1144ms)
			LoadAssemblies (98ms)
			RebuildTransferFunctionScriptingTraits (0ms)
			SetupTypeCache (357ms)
			ReleaseScriptCaches (2ms)
			RebuildScriptCaches (69ms)
			SetupLoadedEditorAssemblies (517ms)
				LogAssemblyErrors (0ms)
				InitializePlatformSupportModulesInManaged (18ms)
				SetLoadedEditorAssemblies (1ms)
				RefreshPlugins (2ms)
				BeforeProcessingInitializeOnLoad (109ms)
				ProcessInitializeOnLoadAttributes (316ms)
				ProcessInitializeOnLoadMethodAttributes (61ms)
				AfterProcessingInitializeOnLoad (10ms)
				EditorAssembliesLoaded (0ms)
			ExecutionOrderSort2 (0ms)
			AwakeInstancesAfterBackupRestoration (17ms)
Platform modules already initialized, skipping
Refreshing native plugins compatible for Editor in 4.58 ms, found 4 plugins.
Preloading 0 native plugins for Editor in 0.00 ms.
Unloading 4060 Unused Serialized files (Serialized files now loaded: 0)
Unloading 26 unused Assets / (54.2 KB). Loaded Objects now: 4568.
Memory consumption went from 157.3 MB to 157.3 MB.
Total: 6.211700 ms (FindLiveObjects: 0.487400 ms CreateObjectMapping: 0.463500 ms MarkObjects: 5.164900 ms  DeleteObjects: 0.094200 ms)

AssetImportParameters requested are different than current active one (requested -> active):
  custom:video-decoder-ogg-theora: a1e56fd34408186e4bbccfd4996cb3dc -> 
  custom:container-muxer-webm: aa71ff27fc2769a1b78a27578f13a17b -> 
  custom:container-demuxer-webm: 4f35f7cbe854078d1ac9338744f61a02 -> 
  custom:video-encoder-webm-vp8: eb34c28f22e8b96e1ab97ce403110664 -> 
  custom:audio-encoder-webm-vorbis: bf7c407c2cedff20999df2af8eb42d56 -> 
  custom:framework-win-MediaFoundation: 216162199b28c13a410421893ffa2e32 -> 
  custom:container-demuxer-ogg: 62fdf1f143b41e24485cea50d1cbac27 -> 
  custom:video-decoder-webm-vp8: 9c59270c3fd7afecdb556c50c9e8de78 -> 
  custom:audio-decoder-ogg-vorbis: bf7c407c2cedff20999df2af8eb42d56 -> 
========================================================================
Received Import Request.
  Time since last request: 44.760449 seconds.
  path: Assets/Prefebs/Units/MonsterOffense/MonsterAchor_1.prefab
  artifactKey: Guid(74a67c1d23fceb8458330f4d30b6d38e) Importer(815301076,1909f56bfc062723c751e8b465ee728b)
Start importing Assets/Prefebs/Units/MonsterOffense/MonsterAchor_1.prefab using Guid(74a67c1d23fceb8458330f4d30b6d38e) Importer(815301076,1909f56bfc062723c751e8b465ee728b)  -> (artifact id: '45aa97a980b137f50bff4c2dcc16573a') in 0.093596 seconds 
========================================================================
Received Import Request.
  Time since last request: 4.246129 seconds.
  path: Assets/Prefebs/Units/MonsterOffense/MonsterWarrior_1.prefab
  artifactKey: Guid(bc30ccd5ea4830841b2a5263ba3b4e9b) Importer(815301076,1909f56bfc062723c751e8b465ee728b)
Start importing Assets/Prefebs/Units/MonsterOffense/MonsterWarrior_1.prefab using Guid(bc30ccd5ea4830841b2a5263ba3b4e9b) Importer(815301076,1909f56bfc062723c751e8b465ee728b)  -> (artifact id: 'fc58a4bcb9b22d6a914d1c17ccb357e8') in 0.038625 seconds 
========================================================================
Received Prepare
Registering precompiled user dll's ...
Registered in 0.007857 seconds.
Begin MonoManager ReloadAssembly
Symbol file data-0000023C47E2A0B0 doesn't match image C:\Users\TFG255X\GitHub\KingdomDefense\KingdomDefense\Library\ScriptAssemblies\Assembly-CSharp.dll
Symbol file LoadedFromMemory is not a mono symbol file
Symbol file LoadedFromMemory doesn't match image C:\Users\TFG255X\GitHub\KingdomDefense\KingdomDefense\Library\PackageCache\com.unity.visualscripting@1.7.8\Editor\VisualScripting.Core\Dependencies\YamlDotNet\Unity.VisualScripting.YamlDotNet.dll
Symbol file LoadedFromMemory doesn't match image C:\Users\TFG255X\GitHub\KingdomDefense\KingdomDefense\Library\PackageCache\com.unity.visualscripting@1.7.8\Editor\VisualScripting.Core\Dependencies\DotNetZip\Unity.VisualScripting.IonicZip.dll
Native extension for WindowsStandalone target not found
Refreshing native plugins compatible for Editor in 1.36 ms, found 4 plugins.
Preloading 0 native plugins for Editor in 0.00 ms.
Mono: successfully reloaded assembly
- Completed reload, in  1.442 seconds
Domain Reload Profiling:
	ReloadAssembly (1443ms)
		BeginReloadAssembly (146ms)
			ExecutionOrderSort (0ms)
			DisableScriptedObjects (6ms)
			BackupInstance (0ms)
			ReleaseScriptingObjects (0ms)
			CreateAndSetChildDomain (51ms)
		EndReloadAssembly (1188ms)
			LoadAssemblies (95ms)
			RebuildTransferFunctionScriptingTraits (0ms)
			SetupTypeCache (342ms)
			ReleaseScriptCaches (2ms)
			RebuildScriptCaches (105ms)
			SetupLoadedEditorAssemblies (503ms)
				LogAssemblyErrors (0ms)
				InitializePlatformSupportModulesInManaged (17ms)
				SetLoadedEditorAssemblies (1ms)
				RefreshPlugins (1ms)
				BeforeProcessingInitializeOnLoad (110ms)
				ProcessInitializeOnLoadAttributes (309ms)
				ProcessInitializeOnLoadMethodAttributes (56ms)
				AfterProcessingInitializeOnLoad (10ms)
				EditorAssembliesLoaded (0ms)
			ExecutionOrderSort2 (0ms)
			AwakeInstancesAfterBackupRestoration (15ms)
Platform modules already initialized, skipping
Refreshing native plugins compatible for Editor in 2.79 ms, found 4 plugins.
Preloading 0 native plugins for Editor in 0.00 ms.
Unloading 4060 Unused Serialized files (Serialized files now loaded: 0)
Unloading 26 unused Assets / (54.3 KB). Loaded Objects now: 4571.
Memory consumption went from 157.3 MB to 157.3 MB.
Total: 5.334200 ms (FindLiveObjects: 0.413900 ms CreateObjectMapping: 0.219800 ms MarkObjects: 4.598300 ms  DeleteObjects: 0.100800 ms)

AssetImportParameters requested are different than current active one (requested -> active):
  custom:video-decoder-ogg-theora: a1e56fd34408186e4bbccfd4996cb3dc -> 
  custom:container-muxer-webm: aa71ff27fc2769a1b78a27578f13a17b -> 
  custom:container-demuxer-webm: 4f35f7cbe854078d1ac9338744f61a02 -> 
  custom:video-encoder-webm-vp8: eb34c28f22e8b96e1ab97ce403110664 -> 
  custom:audio-encoder-webm-vorbis: bf7c407c2cedff20999df2af8eb42d56 -> 
  custom:framework-win-MediaFoundation: 216162199b28c13a410421893ffa2e32 -> 
  custom:container-demuxer-ogg: 62fdf1f143b41e24485cea50d1cbac27 -> 
  custom:video-decoder-webm-vp8: 9c59270c3fd7afecdb556c50c9e8de78 -> 
  custom:audio-decoder-ogg-vorbis: bf7c407c2cedff20999df2af8eb42d56 -> 
========================================================================
Received Import Request.
  Time since last request: 50.194932 seconds.
  path: Assets/Prefebs/Units/KingdomDefense/UnitImage/IceAchorImage.prefab
  artifactKey: Guid(0d550370b9120274184e17b3a9b2360f) Importer(815301076,1909f56bfc062723c751e8b465ee728b)
Start importing Assets/Prefebs/Units/KingdomDefense/UnitImage/IceAchorImage.prefab using Guid(0d550370b9120274184e17b3a9b2360f) Importer(815301076,1909f56bfc062723c751e8b465ee728b)  -> (artifact id: '7e99a1976451f98e77ef0de9fe1fa986') in 0.080312 seconds 
========================================================================
Received Prepare
Registering precompiled user dll's ...
Registered in 0.008084 seconds.
Begin MonoManager ReloadAssembly
Symbol file data-0000023C47E2A0B0 doesn't match image C:\Users\TFG255X\GitHub\KingdomDefense\KingdomDefense\Library\ScriptAssemblies\Assembly-CSharp.dll
Symbol file LoadedFromMemory is not a mono symbol file
Symbol file LoadedFromMemory doesn't match image C:\Users\TFG255X\GitHub\KingdomDefense\KingdomDefense\Library\PackageCache\com.unity.visualscripting@1.7.8\Editor\VisualScripting.Core\Dependencies\YamlDotNet\Unity.VisualScripting.YamlDotNet.dll
Symbol file LoadedFromMemory doesn't match image C:\Users\TFG255X\GitHub\KingdomDefense\KingdomDefense\Library\PackageCache\com.unity.visualscripting@1.7.8\Editor\VisualScripting.Core\Dependencies\DotNetZip\Unity.VisualScripting.IonicZip.dll
Native extension for WindowsStandalone target not found
Refreshing native plugins compatible for Editor in 1.34 ms, found 4 plugins.
Preloading 0 native plugins for Editor in 0.00 ms.
Mono: successfully reloaded assembly
- Completed reload, in  1.264 seconds
Domain Reload Profiling:
	ReloadAssembly (1265ms)
		BeginReloadAssembly (142ms)
			ExecutionOrderSort (0ms)
			DisableScriptedObjects (8ms)
			BackupInstance (0ms)
			ReleaseScriptingObjects (0ms)
			CreateAndSetChildDomain (42ms)
		EndReloadAssembly (1016ms)
			LoadAssemblies (92ms)
			RebuildTransferFunctionScriptingTraits (0ms)
			SetupTypeCache (293ms)
			ReleaseScriptCaches (2ms)
			RebuildScriptCaches (62ms)
			SetupLoadedEditorAssemblies (489ms)
				LogAssemblyErrors (0ms)
				InitializePlatformSupportModulesInManaged (17ms)
				SetLoadedEditorAssemblies (1ms)
				RefreshPlugins (1ms)
				BeforeProcessingInitializeOnLoad (110ms)
				ProcessInitializeOnLoadAttributes (296ms)
				ProcessInitializeOnLoadMethodAttributes (55ms)
				AfterProcessingInitializeOnLoad (8ms)
				EditorAssembliesLoaded (0ms)
			ExecutionOrderSort2 (0ms)
			AwakeInstancesAfterBackupRestoration (14ms)
Platform modules already initialized, skipping
Refreshing native plugins compatible for Editor in 3.75 ms, found 4 plugins.
Preloading 0 native plugins for Editor in 0.00 ms.
Unloading 4060 Unused Serialized files (Serialized files now loaded: 0)
Unloading 26 unused Assets / (54.3 KB). Loaded Objects now: 4574.
Memory consumption went from 157.4 MB to 157.3 MB.
Total: 4.317700 ms (FindLiveObjects: 0.326800 ms CreateObjectMapping: 0.247500 ms MarkObjects: 3.642100 ms  DeleteObjects: 0.100300 ms)

AssetImportParameters requested are different than current active one (requested -> active):
  custom:video-decoder-ogg-theora: a1e56fd34408186e4bbccfd4996cb3dc -> 
  custom:container-muxer-webm: aa71ff27fc2769a1b78a27578f13a17b -> 
  custom:container-demuxer-webm: 4f35f7cbe854078d1ac9338744f61a02 -> 
  custom:video-encoder-webm-vp8: eb34c28f22e8b96e1ab97ce403110664 -> 
  custom:audio-encoder-webm-vorbis: bf7c407c2cedff20999df2af8eb42d56 -> 
  custom:framework-win-MediaFoundation: 216162199b28c13a410421893ffa2e32 -> 
  custom:container-demuxer-ogg: 62fdf1f143b41e24485cea50d1cbac27 -> 
  custom:video-decoder-webm-vp8: 9c59270c3fd7afecdb556c50c9e8de78 -> 
  custom:audio-decoder-ogg-vorbis: bf7c407c2cedff20999df2af8eb42d56 -> 
========================================================================
Received Prepare
Registering precompiled user dll's ...
Registered in 0.007814 seconds.
Begin MonoManager ReloadAssembly
Symbol file data-0000023C47E2A0B0 doesn't match image C:\Users\TFG255X\GitHub\KingdomDefense\KingdomDefense\Library\ScriptAssemblies\Assembly-CSharp.dll
Symbol file LoadedFromMemory is not a mono symbol file
Symbol file LoadedFromMemory doesn't match image C:\Users\TFG255X\GitHub\KingdomDefense\KingdomDefense\Library\PackageCache\com.unity.visualscripting@1.7.8\Editor\VisualScripting.Core\Dependencies\YamlDotNet\Unity.VisualScripting.YamlDotNet.dll
Symbol file LoadedFromMemory doesn't match image C:\Users\TFG255X\GitHub\KingdomDefense\KingdomDefense\Library\PackageCache\com.unity.visualscripting@1.7.8\Editor\VisualScripting.Core\Dependencies\DotNetZip\Unity.VisualScripting.IonicZip.dll
Native extension for WindowsStandalone target not found
Refreshing native plugins compatible for Editor in 1.51 ms, found 4 plugins.
Preloading 0 native plugins for Editor in 0.00 ms.
Mono: successfully reloaded assembly
- Completed reload, in  1.432 seconds
Domain Reload Profiling:
	ReloadAssembly (1433ms)
		BeginReloadAssembly (143ms)
			ExecutionOrderSort (0ms)
			DisableScriptedObjects (8ms)
			BackupInstance (0ms)
			ReleaseScriptingObjects (0ms)
			CreateAndSetChildDomain (45ms)
		EndReloadAssembly (1155ms)
			LoadAssemblies (99ms)
			RebuildTransferFunctionScriptingTraits (0ms)
			SetupTypeCache (353ms)
			ReleaseScriptCaches (2ms)
			RebuildScriptCaches (73ms)
			SetupLoadedEditorAssemblies (524ms)
				LogAssemblyErrors (0ms)
				InitializePlatformSupportModulesInManaged (20ms)
				SetLoadedEditorAssemblies (1ms)
				RefreshPlugins (2ms)
				BeforeProcessingInitializeOnLoad (114ms)
				ProcessInitializeOnLoadAttributes (316ms)
				ProcessInitializeOnLoadMethodAttributes (62ms)
				AfterProcessingInitializeOnLoad (10ms)
				EditorAssembliesLoaded (0ms)
			ExecutionOrderSort2 (0ms)
			AwakeInstancesAfterBackupRestoration (14ms)
Platform modules already initialized, skipping
Refreshing native plugins compatible for Editor in 4.36 ms, found 4 plugins.
Preloading 0 native plugins for Editor in 0.00 ms.
Unloading 4060 Unused Serialized files (Serialized files now loaded: 0)
Unloading 26 unused Assets / (54.4 KB). Loaded Objects now: 4577.
Memory consumption went from 157.4 MB to 157.3 MB.
Total: 4.157500 ms (FindLiveObjects: 0.303300 ms CreateObjectMapping: 0.254400 ms MarkObjects: 3.516600 ms  DeleteObjects: 0.081800 ms)

AssetImportParameters requested are different than current active one (requested -> active):
  custom:video-decoder-ogg-theora: a1e56fd34408186e4bbccfd4996cb3dc -> 
  custom:container-muxer-webm: aa71ff27fc2769a1b78a27578f13a17b -> 
  custom:container-demuxer-webm: 4f35f7cbe854078d1ac9338744f61a02 -> 
  custom:video-encoder-webm-vp8: eb34c28f22e8b96e1ab97ce403110664 -> 
  custom:audio-encoder-webm-vorbis: bf7c407c2cedff20999df2af8eb42d56 -> 
  custom:framework-win-MediaFoundation: 216162199b28c13a410421893ffa2e32 -> 
  custom:container-demuxer-ogg: 62fdf1f143b41e24485cea50d1cbac27 -> 
  custom:video-decoder-webm-vp8: 9c59270c3fd7afecdb556c50c9e8de78 -> 
  custom:audio-decoder-ogg-vorbis: bf7c407c2cedff20999df2af8eb42d56 -> 
========================================================================
Received Prepare
Registering precompiled user dll's ...
Registered in 0.007663 seconds.
Begin MonoManager ReloadAssembly
Symbol file data-0000023C47E2A0B0 doesn't match image C:\Users\TFG255X\GitHub\KingdomDefense\KingdomDefense\Library\ScriptAssemblies\Assembly-CSharp.dll
Symbol file LoadedFromMemory is not a mono symbol file
Symbol file LoadedFromMemory doesn't match image C:\Users\TFG255X\GitHub\KingdomDefense\KingdomDefense\Library\PackageCache\com.unity.visualscripting@1.7.8\Editor\VisualScripting.Core\Dependencies\YamlDotNet\Unity.VisualScripting.YamlDotNet.dll
Symbol file LoadedFromMemory doesn't match image C:\Users\TFG255X\GitHub\KingdomDefense\KingdomDefense\Library\PackageCache\com.unity.visualscripting@1.7.8\Editor\VisualScripting.Core\Dependencies\DotNetZip\Unity.VisualScripting.IonicZip.dll
Native extension for WindowsStandalone target not found
Refreshing native plugins compatible for Editor in 1.42 ms, found 4 plugins.
Preloading 0 native plugins for Editor in 0.00 ms.
Mono: successfully reloaded assembly
- Completed reload, in  1.399 seconds
Domain Reload Profiling:
	ReloadAssembly (1400ms)
		BeginReloadAssembly (133ms)
			ExecutionOrderSort (0ms)
			DisableScriptedObjects (8ms)
			BackupInstance (0ms)
			ReleaseScriptingObjects (0ms)
			CreateAndSetChildDomain (37ms)
		EndReloadAssembly (1137ms)
			LoadAssemblies (102ms)
			RebuildTransferFunctionScriptingTraits (0ms)
			SetupTypeCache (352ms)
			ReleaseScriptCaches (2ms)
			RebuildScriptCaches (72ms)
			SetupLoadedEditorAssemblies (506ms)
				LogAssemblyErrors (0ms)
				InitializePlatformSupportModulesInManaged (19ms)
				SetLoadedEditorAssemblies (1ms)
				RefreshPlugins (2ms)
				BeforeProcessingInitializeOnLoad (111ms)
				ProcessInitializeOnLoadAttributes (305ms)
				ProcessInitializeOnLoadMethodAttributes (60ms)
				AfterProcessingInitializeOnLoad (9ms)
				EditorAssembliesLoaded (0ms)
			ExecutionOrderSort2 (0ms)
			AwakeInstancesAfterBackupRestoration (17ms)
Platform modules already initialized, skipping
Refreshing native plugins compatible for Editor in 4.06 ms, found 4 plugins.
Preloading 0 native plugins for Editor in 0.00 ms.
Unloading 4060 Unused Serialized files (Serialized files now loaded: 0)
Unloading 26 unused Assets / (54.3 KB). Loaded Objects now: 4580.
Memory consumption went from 157.4 MB to 157.3 MB.
Total: 4.093500 ms (FindLiveObjects: 0.335200 ms CreateObjectMapping: 0.350300 ms MarkObjects: 3.325500 ms  DeleteObjects: 0.081300 ms)

AssetImportParameters requested are different than current active one (requested -> active):
  custom:video-decoder-ogg-theora: a1e56fd34408186e4bbccfd4996cb3dc -> 
  custom:container-muxer-webm: aa71ff27fc2769a1b78a27578f13a17b -> 
  custom:container-demuxer-webm: 4f35f7cbe854078d1ac9338744f61a02 -> 
  custom:video-encoder-webm-vp8: eb34c28f22e8b96e1ab97ce403110664 -> 
  custom:audio-encoder-webm-vorbis: bf7c407c2cedff20999df2af8eb42d56 -> 
  custom:framework-win-MediaFoundation: 216162199b28c13a410421893ffa2e32 -> 
  custom:container-demuxer-ogg: 62fdf1f143b41e24485cea50d1cbac27 -> 
  custom:video-decoder-webm-vp8: 9c59270c3fd7afecdb556c50c9e8de78 -> 
  custom:audio-decoder-ogg-vorbis: bf7c407c2cedff20999df2af8eb42d56 -> 
========================================================================
Received Import Request.
  Time since last request: 62.631206 seconds.
  path: Assets/Scripts/Unit/Warrior/Warrior.cs
  artifactKey: Guid(b9b2a4f744199714fb77f9bf2c039682) Importer(815301076,1909f56bfc062723c751e8b465ee728b)
Start importing Assets/Scripts/Unit/Warrior/Warrior.cs using Guid(b9b2a4f744199714fb77f9bf2c039682) Importer(815301076,1909f56bfc062723c751e8b465ee728b)  -> (artifact id: 'cd9e9f50e3cbf1d6082fff136c29624d') in 0.012808 seconds 
========================================================================
Received Prepare
Registering precompiled user dll's ...
Registered in 0.007491 seconds.
Begin MonoManager ReloadAssembly
Symbol file LoadedFromMemory doesn't match image C:\Users\TFG255X\GitHub\KingdomDefense\KingdomDefense\Library\PackageCache\com.unity.visualscripting@1.7.8\Editor\VisualScripting.Core\Dependencies\YamlDotNet\Unity.VisualScripting.YamlDotNet.dll
Symbol file LoadedFromMemory doesn't match image C:\Users\TFG255X\GitHub\KingdomDefense\KingdomDefense\Library\PackageCache\com.unity.visualscripting@1.7.8\Editor\VisualScripting.Core\Dependencies\DotNetZip\Unity.VisualScripting.IonicZip.dll
Native extension for WindowsStandalone target not found
Refreshing native plugins compatible for Editor in 1.02 ms, found 4 plugins.
Preloading 0 native plugins for Editor in 0.00 ms.
Mono: successfully reloaded assembly
- Completed reload, in  1.211 seconds
Domain Reload Profiling:
	ReloadAssembly (1212ms)
		BeginReloadAssembly (135ms)
			ExecutionOrderSort (0ms)
			DisableScriptedObjects (8ms)
			BackupInstance (0ms)
			ReleaseScriptingObjects (0ms)
			CreateAndSetChildDomain (40ms)
		EndReloadAssembly (959ms)
			LoadAssemblies (96ms)
			RebuildTransferFunctionScriptingTraits (0ms)
			SetupTypeCache (299ms)
			ReleaseScriptCaches (2ms)
			RebuildScriptCaches (55ms)
			SetupLoadedEditorAssemblies (427ms)
				LogAssemblyErrors (0ms)
				InitializePlatformSupportModulesInManaged (14ms)
				SetLoadedEditorAssemblies (1ms)
				RefreshPlugins (1ms)
				BeforeProcessingInitializeOnLoad (93ms)
				ProcessInitializeOnLoadAttributes (256ms)
				ProcessInitializeOnLoadMethodAttributes (52ms)
				AfterProcessingInitializeOnLoad (11ms)
				EditorAssembliesLoaded (0ms)
			ExecutionOrderSort2 (0ms)
			AwakeInstancesAfterBackupRestoration (16ms)
Platform modules already initialized, skipping
Refreshing native plugins compatible for Editor in 3.31 ms, found 4 plugins.
Preloading 0 native plugins for Editor in 0.00 ms.
Unloading 4060 Unused Serialized files (Serialized files now loaded: 0)
Unloading 26 unused Assets / (54.4 KB). Loaded Objects now: 4583.
Memory consumption went from 157.4 MB to 157.3 MB.
Total: 3.389800 ms (FindLiveObjects: 0.294200 ms CreateObjectMapping: 0.207500 ms MarkObjects: 2.808600 ms  DeleteObjects: 0.078600 ms)

AssetImportParameters requested are different than current active one (requested -> active):
  custom:video-decoder-ogg-theora: a1e56fd34408186e4bbccfd4996cb3dc -> 
  custom:container-muxer-webm: aa71ff27fc2769a1b78a27578f13a17b -> 
  custom:container-demuxer-webm: 4f35f7cbe854078d1ac9338744f61a02 -> 
  custom:video-encoder-webm-vp8: eb34c28f22e8b96e1ab97ce403110664 -> 
  custom:audio-encoder-webm-vorbis: bf7c407c2cedff20999df2af8eb42d56 -> 
  custom:framework-win-MediaFoundation: 216162199b28c13a410421893ffa2e32 -> 
  custom:container-demuxer-ogg: 62fdf1f143b41e24485cea50d1cbac27 -> 
  custom:video-decoder-webm-vp8: 9c59270c3fd7afecdb556c50c9e8de78 -> 
  custom:audio-decoder-ogg-vorbis: bf7c407c2cedff20999df2af8eb42d56 -> 
========================================================================
Received Import Request.
  Time since last request: 114.075700 seconds.
  path: Assets/Scripts/Unit/Warrior/Warrior.cs
  artifactKey: Guid(b9b2a4f744199714fb77f9bf2c039682) Importer(815301076,1909f56bfc062723c751e8b465ee728b)
Start importing Assets/Scripts/Unit/Warrior/Warrior.cs using Guid(b9b2a4f744199714fb77f9bf2c039682) Importer(815301076,1909f56bfc062723c751e8b465ee728b)  -> (artifact id: '8ed948e3434a9c799d3035009e4aa074') in 0.010408 seconds 
========================================================================
Received Import Request.
  Time since last request: 0.625384 seconds.
  path: Assets/Prefebs/Units/KingdomDefense/FireWarrior_Dark.prefab
  artifactKey: Guid(095e05ced9aebb44fb038f3094b00e55) Importer(815301076,1909f56bfc062723c751e8b465ee728b)
Start importing Assets/Prefebs/Units/KingdomDefense/FireWarrior_Dark.prefab using Guid(095e05ced9aebb44fb038f3094b00e55) Importer(815301076,1909f56bfc062723c751e8b465ee728b)  -> (artifact id: '5d941e240a15b20ad237b62c391d543e') in 0.097727 seconds 
========================================================================
Received Import Request.
  Time since last request: 0.203334 seconds.
  path: Assets/Prefebs/Units/KingdomDefense/FireWarrior.prefab
  artifactKey: Guid(d7f999cb666ac334caac25297208aa86) Importer(815301076,1909f56bfc062723c751e8b465ee728b)
Start importing Assets/Prefebs/Units/KingdomDefense/FireWarrior.prefab using Guid(d7f999cb666ac334caac25297208aa86) Importer(815301076,1909f56bfc062723c751e8b465ee728b)  -> (artifact id: '4d1c7502fbfe9b33107c6fbc97e93348') in 0.042287 seconds 
========================================================================
Received Import Request.
  Time since last request: 8.913118 seconds.
  path: Assets/SPUM/BundlePackUnitPrefabs/Human/1.prefab
  artifactKey: Guid(945d6fbbe984647ad8c42f440b36e57b) Importer(815301076,1909f56bfc062723c751e8b465ee728b)
Start importing Assets/SPUM/BundlePackUnitPrefabs/Human/1.prefab using Guid(945d6fbbe984647ad8c42f440b36e57b) Importer(815301076,1909f56bfc062723c751e8b465ee728b)  -> (artifact id: '58ef7d5a6f624000cc5ac495e3cafb95') in 0.051368 seconds 
========================================================================
Received Import Request.
  Time since last request: 0.000034 seconds.
  path: Assets/SPUM/BundlePackUnitPrefabs/Elf/2.prefab
  artifactKey: Guid(7c2fa53bb9af445c8bd6e17fcd48f532) Importer(815301076,1909f56bfc062723c751e8b465ee728b)
Start importing Assets/SPUM/BundlePackUnitPrefabs/Elf/2.prefab using Guid(7c2fa53bb9af445c8bd6e17fcd48f532) Importer(815301076,1909f56bfc062723c751e8b465ee728b)  -> (artifact id: '27e74d16b4a4841cd76c24f74cca2984') in 0.050724 seconds 
========================================================================
Received Import Request.
  Time since last request: 0.000028 seconds.
  path: Assets/SPUM/BundlePackUnitPrefabs/Elf/3.prefab
  artifactKey: Guid(290f57bf0f90545ffac98ff979ebffcf) Importer(815301076,1909f56bfc062723c751e8b465ee728b)
Start importing Assets/SPUM/BundlePackUnitPrefabs/Elf/3.prefab using Guid(290f57bf0f90545ffac98ff979ebffcf) Importer(815301076,1909f56bfc062723c751e8b465ee728b)  -> (artifact id: '5b63ee489e5a04274e90d3dc36e6c23e') in 0.051198 seconds 
========================================================================
Received Import Request.
  Time since last request: 0.000023 seconds.
  path: Assets/SPUM/BundlePackUnitPrefabs/Skelton/6.prefab
  artifactKey: Guid(3059b3bf65aaf49f6b2b329892a643a3) Importer(815301076,1909f56bfc062723c751e8b465ee728b)
Start importing Assets/SPUM/BundlePackUnitPrefabs/Skelton/6.prefab using Guid(3059b3bf65aaf49f6b2b329892a643a3) Importer(815301076,1909f56bfc062723c751e8b465ee728b)  -> (artifact id: '3e9618ff3481eb53c71e8c7ea8de8b0a') in 0.038357 seconds 
========================================================================
Received Import Request.
  Time since last request: 0.000021 seconds.
  path: Assets/Prefebs/Units/KingdomDefense/IceWarrior.prefab
  artifactKey: Guid(eddedb85215c1a146a394758463704bf) Importer(815301076,1909f56bfc062723c751e8b465ee728b)
Start importing Assets/Prefebs/Units/KingdomDefense/IceWarrior.prefab using Guid(eddedb85215c1a146a394758463704bf) Importer(815301076,1909f56bfc062723c751e8b465ee728b)  -> (artifact id: '8e4e2cfa1da0574ecdc08ba851b6d227') in 0.035410 seconds 
========================================================================
Received Import Request.
  Time since last request: 0.000022 seconds.
  path: Assets/Cainos/Pixel Art Top Down - Basic/Prefab/Plant/PF Grass B.prefab
  artifactKey: Guid(2d546d2d8b016864ab41e2185c250eb5) Importer(815301076,1909f56bfc062723c751e8b465ee728b)
Start importing Assets/Cainos/Pixel Art Top Down - Basic/Prefab/Plant/PF Grass B.prefab using Guid(2d546d2d8b016864ab41e2185c250eb5) Importer(815301076,1909f56bfc062723c751e8b465ee728b)  -> (artifact id: '0bf3ca9cce22b9fba607e9d5a602cf8a') in 0.021151 seconds 
========================================================================
Received Import Request.
  Time since last request: 0.000023 seconds.
  path: Assets/Prefebs/Units/MonsterOffense/MonsterWarrior_Ice.prefab
  artifactKey: Guid(b88f51b17baf3c44fade16db717cd81b) Importer(815301076,1909f56bfc062723c751e8b465ee728b)
Start importing Assets/Prefebs/Units/MonsterOffense/MonsterWarrior_Ice.prefab using Guid(b88f51b17baf3c44fade16db717cd81b) Importer(815301076,1909f56bfc062723c751e8b465ee728b)  -> (artifact id: '0c014533dcfd14940a7a1a8bba30bc5a') in 0.039643 seconds 
========================================================================
Received Import Request.
  Time since last request: 0.000026 seconds.
  path: Packages/com.unity.2d.spriteshape/Editor/ObjectMenuCreation/DefaultAssets/Sprite Shapes/Open Sprite Shape.prefab
  artifactKey: Guid(86ae7de409eb54f619fb1328e4d42480) Importer(815301076,1909f56bfc062723c751e8b465ee728b)
Start importing Packages/com.unity.2d.spriteshape/Editor/ObjectMenuCreation/DefaultAssets/Sprite Shapes/Open Sprite Shape.prefab using Guid(86ae7de409eb54f619fb1328e4d42480) Importer(815301076,1909f56bfc062723c751e8b465ee728b)  -> (artifact id: '26a75541e0d19e051970733cb9a0f1fa') in 0.052336 seconds 
========================================================================
Received Import Request.
  Time since last request: 0.000034 seconds.
  path: Assets/Cainos/Pixel Art Top Down - Basic/Prefab/Plant/PF Flower.prefab
  artifactKey: Guid(c6d86ec8825b7674a9736d1cb0cd98a2) Importer(815301076,1909f56bfc062723c751e8b465ee728b)
Start importing Assets/Cainos/Pixel Art Top Down - Basic/Prefab/Plant/PF Flower.prefab using Guid(c6d86ec8825b7674a9736d1cb0cd98a2) Importer(815301076,1909f56bfc062723c751e8b465ee728b)  -> (artifact id: '1c5bb51a4a55102be67d82827cb4d1b1') in 0.015773 seconds 
========================================================================
Received Import Request.
  Time since last request: 0.000022 seconds.
  path: Assets/Prefebs/Units/KingdomDefense/IceAchor_Dark.prefab
  artifactKey: Guid(5b9bbb8ddadb5984aa861391218fe864) Importer(815301076,1909f56bfc062723c751e8b465ee728b)
Start importing Assets/Prefebs/Units/KingdomDefense/IceAchor_Dark.prefab using Guid(5b9bbb8ddadb5984aa861391218fe864) Importer(815301076,1909f56bfc062723c751e8b465ee728b)  -> (artifact id: '5a2b151810da2679989654e61cbf0a33') in 0.053760 seconds 
========================================================================
Received Import Request.
  Time since last request: 0.000050 seconds.
  path: Assets/SPUM/BundlePackUnitPrefabs/Human/4.prefab
  artifactKey: Guid(c734732335e7d4f5bac755f5fca34c7c) Importer(815301076,1909f56bfc062723c751e8b465ee728b)
Start importing Assets/SPUM/BundlePackUnitPrefabs/Human/4.prefab using Guid(c734732335e7d4f5bac755f5fca34c7c) Importer(815301076,1909f56bfc062723c751e8b465ee728b)  -> (artifact id: 'd6b5e71557a27b702adb30776bc71101') in 0.071778 seconds 
========================================================================
Received Import Request.
  Time since last request: 0.000026 seconds.
  path: Assets/Cainos/Pixel Art Top Down - Basic/Prefab/Props/PF Gate T1.prefab
  artifactKey: Guid(4be821d0b78ad5043985b57b738e951b) Importer(815301076,1909f56bfc062723c751e8b465ee728b)
Start importing Assets/Cainos/Pixel Art Top Down - Basic/Prefab/Props/PF Gate T1.prefab using Guid(4be821d0b78ad5043985b57b738e951b) Importer(815301076,1909f56bfc062723c751e8b465ee728b)  -> (artifact id: '1c81d31160fc4c873c141cec1d4bb401') in 0.034557 seconds 
========================================================================
Received Import Request.
  Time since last request: 0.000025 seconds.
  path: Assets/Cainos/Pixel Art Top Down - Basic/Prefab/Props/PF Gate T2.prefab
  artifactKey: Guid(b95acdc3b0c1a444c87723520fbab2f0) Importer(815301076,1909f56bfc062723c751e8b465ee728b)
Start importing Assets/Cainos/Pixel Art Top Down - Basic/Prefab/Props/PF Gate T2.prefab using Guid(b95acdc3b0c1a444c87723520fbab2f0) Importer(815301076,1909f56bfc062723c751e8b465ee728b)  -> (artifact id: '1e1c30ff4f52b99af5974c52fa23f31b') in 0.018711 seconds 
========================================================================
Received Import Request.
  Time since last request: 0.000031 seconds.
  path: Assets/Grid Example/Grid_Forest.prefab
  artifactKey: Guid(3f009aec0a7b2344eaf35e57d2e7d161) Importer(815301076,1909f56bfc062723c751e8b465ee728b)
Start importing Assets/Grid Example/Grid_Forest.prefab using Guid(3f009aec0a7b2344eaf35e57d2e7d161) Importer(815301076,1909f56bfc062723c751e8b465ee728b)  -> (artifact id: '8158783d8fbf1eaaf32393d4b42e5832') in 0.096373 seconds 
========================================================================
Received Import Request.
  Time since last request: 0.000020 seconds.
  path: Assets/SPUM/BundlePackUnitPrefabs/Human/13.prefab
  artifactKey: Guid(53f0ba1cd318042cd9bbb5c4440875f8) Importer(815301076,1909f56bfc062723c751e8b465ee728b)
Start importing Assets/SPUM/BundlePackUnitPrefabs/Human/13.prefab using Guid(53f0ba1cd318042cd9bbb5c4440875f8) Importer(815301076,1909f56bfc062723c751e8b465ee728b)  -> (artifact id: '247e5ab1d8db9d7275a50965c8e26168') in 0.063161 seconds 
========================================================================
Received Import Request.
  Time since last request: 0.000024 seconds.
  path: Assets/SPUM/BundlePackUnitPrefabs/Human/6.prefab
  artifactKey: Guid(a978dce54fd304c219c420183a49d8fc) Importer(815301076,1909f56bfc062723c751e8b465ee728b)
Start importing Assets/SPUM/BundlePackUnitPrefabs/Human/6.prefab using Guid(a978dce54fd304c219c420183a49d8fc) Importer(815301076,1909f56bfc062723c751e8b465ee728b)  -> (artifact id: '463c1f1186e8e98cb7efb53acac85e04') in 0.061562 seconds 
========================================================================
Received Import Request.
  Time since last request: 0.000023 seconds.
  path: Assets/Prefebs/Units/MonsterOffense/MonsterWarror_2.prefab
  artifactKey: Guid(1ebe5947703e7f24987c2dbbd56c0159) Importer(815301076,1909f56bfc062723c751e8b465ee728b)
Start importing Assets/Prefebs/Units/MonsterOffense/MonsterWarror_2.prefab using Guid(1ebe5947703e7f24987c2dbbd56c0159) Importer(815301076,1909f56bfc062723c751e8b465ee728b)  -> (artifact id: '3b9fef5a2066f8ca73e9048cf1c08eb6') in 0.044592 seconds 
========================================================================
Received Import Request.
  Time since last request: 0.000031 seconds.
  path: Assets/Prefebs/Units/KingdomDefense/IceWarrior_Dark.prefab
  artifactKey: Guid(6f63db36176fcdc498a238e53c2930c6) Importer(815301076,1909f56bfc062723c751e8b465ee728b)
Start importing Assets/Prefebs/Units/KingdomDefense/IceWarrior_Dark.prefab using Guid(6f63db36176fcdc498a238e53c2930c6) Importer(815301076,1909f56bfc062723c751e8b465ee728b)  -> (artifact id: 'c9be664b336932894b24baed5832072c') in 0.051353 seconds 
========================================================================
Received Import Request.
  Time since last request: 0.000029 seconds.
  path: Assets/Prefebs/Units/MonsterOffense/MonsterWarrior_Fire.prefab
  artifactKey: Guid(017e5dea13c15464b90495b56d6b025b) Importer(815301076,1909f56bfc062723c751e8b465ee728b)
Start importing Assets/Prefebs/Units/MonsterOffense/MonsterWarrior_Fire.prefab using Guid(017e5dea13c15464b90495b56d6b025b) Importer(815301076,1909f56bfc062723c751e8b465ee728b)  -> (artifact id: '3d922880f7e3c170051d9c8582f0124f') in 0.052409 seconds 
========================================================================
Received Import Request.
  Time since last request: 0.000035 seconds.
  path: Assets/SPUM/BundlePackUnitPrefabs/Human/16.prefab
  artifactKey: Guid(ef330185f93464021881922caa6eec91) Importer(815301076,1909f56bfc062723c751e8b465ee728b)
Start importing Assets/SPUM/BundlePackUnitPrefabs/Human/16.prefab using Guid(ef330185f93464021881922caa6eec91) Importer(815301076,1909f56bfc062723c751e8b465ee728b)  -> (artifact id: '780aa588883796dd89d96019a7822aba') in 0.077255 seconds 
========================================================================
Received Import Request.
  Time since last request: 0.000031 seconds.
  path: Assets/SPUM/BundlePackUnitPrefabs/Human/10.prefab
  artifactKey: Guid(a93724b3dcf134e3aa8950823969b709) Importer(815301076,1909f56bfc062723c751e8b465ee728b)
Start importing Assets/SPUM/BundlePackUnitPrefabs/Human/10.prefab using Guid(a93724b3dcf134e3aa8950823969b709) Importer(815301076,1909f56bfc062723c751e8b465ee728b)  -> (artifact id: '65f7fd597e2dc80abe2c4271679b6beb') in 0.065819 seconds 
========================================================================
Received Import Request.
  Time since last request: 0.000050 seconds.
  path: Assets/SPUM/BundlePackUnitPrefabs/Elf/4.prefab
  artifactKey: Guid(066b92ab47cec402eaf96b5eba8e954b) Importer(815301076,1909f56bfc062723c751e8b465ee728b)
Start importing Assets/SPUM/BundlePackUnitPrefabs/Elf/4.prefab using Guid(066b92ab47cec402eaf96b5eba8e954b) Importer(815301076,1909f56bfc062723c751e8b465ee728b)  -> (artifact id: '32d0b62196b71c2889b8138c82f5264d') in 0.062947 seconds 
========================================================================
Received Import Request.
  Time since last request: 0.000020 seconds.
  path: Assets/SPUM/BundlePackUnitPrefabs/Human/7.prefab
  artifactKey: Guid(8a5a8b81704fd432b948f795b3fd1b7d) Importer(815301076,1909f56bfc062723c751e8b465ee728b)
Start importing Assets/SPUM/BundlePackUnitPrefabs/Human/7.prefab using Guid(8a5a8b81704fd432b948f795b3fd1b7d) Importer(815301076,1909f56bfc062723c751e8b465ee728b)  -> (artifact id: '14de8fa61afd8e8ceb1bdcba2de553f0') in 0.054056 seconds 
========================================================================
Received Import Request.
  Time since last request: 0.000027 seconds.
  path: Assets/SPUM/BundlePackUnitPrefabs/Human/14.prefab
  artifactKey: Guid(c1ea48dfd8efb474398f9584f852356b) Importer(815301076,1909f56bfc062723c751e8b465ee728b)
Start importing Assets/SPUM/BundlePackUnitPrefabs/Human/14.prefab using Guid(c1ea48dfd8efb474398f9584f852356b) Importer(815301076,1909f56bfc062723c751e8b465ee728b)  -> (artifact id: 'cd73def5f2bdfdd140a73fc619d5ba51') in 0.055960 seconds 
========================================================================
Received Import Request.
  Time since last request: 0.000031 seconds.
  path: Assets/SPUM/BundlePackUnitPrefabs/Human/2.prefab
  artifactKey: Guid(39c3141d7326c41ffab4af1fef36af2a) Importer(815301076,1909f56bfc062723c751e8b465ee728b)
Start importing Assets/SPUM/BundlePackUnitPrefabs/Human/2.prefab using Guid(39c3141d7326c41ffab4af1fef36af2a) Importer(815301076,1909f56bfc062723c751e8b465ee728b)  -> (artifact id: '152e1275063d5dccaa5179323e2d42e1') in 0.057704 seconds 
Editor requested this worker to shutdown with reason: Scaling down because of idle timeout
AssetImportWorker is now disconnected from the server
Process exiting
Exiting without the bug reporter. Application will terminate with return code 0